2025-04-26T23:07:58.438+05:30 INFO  [cookpad] [background-preinit] o.h.validator.internal.util.Version:21 : HV000001: Hibernate Validator 6.2.5.Final
2025-04-26T23:07:58.455+05:30 INFO  [cookpad] [main] com.cookpad.CookpadApplication:55 : Starting CookpadApplication using Java 1.8.0_271 on DESKTOP-2I4L826 with PID 9548 (C:\Users\sanja\eclipse-workspace\spring-security-cookpad-v1\target\classes started by sanja in C:\Users\sanja\eclipse-workspace\spring-security-cookpad-v1)
2025-04-26T23:07:58.457+05:30 INFO  [cookpad] [main] com.cookpad.CookpadApplication:632 : No active profile set, falling back to 1 default profile: "default"
2025-04-26T23:08:00.103+05:30 INFO  [cookpad] [main] o.s.d.r.c.RepositoryConfigurationDelegate:132 : Bootstrapping Spring Data JPA repositories in DEFAULT mode.
2025-04-26T23:08:00.217+05:30 INFO  [cookpad] [main] o.s.d.r.c.RepositoryConfigurationDelegate:201 : Finished Spring Data repository scanning in 94 ms. Found 3 JPA repository interfaces.
2025-04-26T23:08:02.231+05:30 INFO  [cookpad] [main] o.s.b.w.embedded.tomcat.TomcatWebServer:108 : Tomcat initialized with port(s): 8080 (http)
2025-04-26T23:08:02.244+05:30 INFO  [cookpad] [main] o.apache.coyote.http11.Http11NioProtocol:173 : Initializing ProtocolHandler ["http-nio-8080"]
2025-04-26T23:08:02.248+05:30 INFO  [cookpad] [main] org.apache.catalina.core.StandardService:173 : Starting service [Tomcat]
2025-04-26T23:08:02.250+05:30 INFO  [cookpad] [main] org.apache.catalina.core.StandardEngine:173 : Starting Servlet engine: [Apache Tomcat/9.0.83]
2025-04-26T23:08:02.605+05:30 INFO  [cookpad] [main] o.a.c.c.C.[Tomcat].[localhost].[/]:173 : Initializing Spring embedded WebApplicationContext
2025-04-26T23:08:02.606+05:30 INFO  [cookpad] [main] o.s.b.w.s.c.ServletWebServerApplicationContext:292 : Root WebApplicationContext: initialization completed in 4012 ms
2025-04-26T23:08:02.914+05:30 INFO  [cookpad] [main] o.hibernate.jpa.internal.util.LogHelper:31 : HHH000204: Processing PersistenceUnitInfo [name: default]
2025-04-26T23:08:03.079+05:30 INFO  [cookpad] [main] org.hibernate.Version:44 : HHH000412: Hibernate ORM core version 5.6.15.Final
2025-04-26T23:08:03.477+05:30 INFO  [cookpad] [main] org.hibernate.annotations.common.Version:56 : HCANN000001: Hibernate Commons Annotations {5.1.2.Final}
2025-04-26T23:08:03.727+05:30 INFO  [cookpad] [main] com.zaxxer.hikari.HikariDataSource:110 : HikariPool-1 - Starting...
2025-04-26T23:08:05.233+05:30 INFO  [cookpad] [main] com.zaxxer.hikari.HikariDataSource:123 : HikariPool-1 - Start completed.
2025-04-26T23:08:05.335+05:30 INFO  [cookpad] [main] org.hibernate.dialect.Dialect:175 : HHH000400: Using dialect: org.hibernate.dialect.MySQL8Dialect
2025-04-26T23:08:07.200+05:30 WARN  [cookpad] [main] o.h.t.s.i.ExceptionHandlerLoggedImpl:27 : GenerationTarget encountered exception accepting command : Error executing DDL "alter table nutrition drop foreign key FKr19kq4so53ci6id5ndxfo0nwr" via JDBC Statement
org.hibernate.tool.schema.spi.CommandAcceptanceException: Error executing DDL "alter table nutrition drop foreign key FKr19kq4so53ci6id5ndxfo0nwr" via JDBC Statement
	at org.hibernate.tool.schema.internal.exec.GenerationTargetToDatabase.accept(GenerationTargetToDatabase.java:67)
	at org.hibernate.tool.schema.internal.SchemaDropperImpl.applySqlString(SchemaDropperImpl.java:387)
	at org.hibernate.tool.schema.internal.SchemaDropperImpl.applySqlStrings(SchemaDropperImpl.java:371)
	at org.hibernate.tool.schema.internal.SchemaDropperImpl.applyConstraintDropping(SchemaDropperImpl.java:341)
	at org.hibernate.tool.schema.internal.SchemaDropperImpl.dropFromMetadata(SchemaDropperImpl.java:235)
	at org.hibernate.tool.schema.internal.SchemaDropperImpl.performDrop(SchemaDropperImpl.java:156)
	at org.hibernate.tool.schema.internal.SchemaDropperImpl.doDrop(SchemaDropperImpl.java:128)
	at org.hibernate.tool.schema.internal.SchemaDropperImpl.doDrop(SchemaDropperImpl.java:114)
	at org.hibernate.tool.schema.spi.SchemaManagementToolCoordinator.performDatabaseAction(SchemaManagementToolCoordinator.java:157)
	at org.hibernate.tool.schema.spi.SchemaManagementToolCoordinator.process(SchemaManagementToolCoordinator.java:85)
	at org.hibernate.internal.SessionFactoryImpl.<init>(SessionFactoryImpl.java:335)
	at org.hibernate.boot.internal.SessionFactoryBuilderImpl.build(SessionFactoryBuilderImpl.java:471)
	at org.hibernate.jpa.boot.internal.EntityManagerFactoryBuilderImpl.build(EntityManagerFactoryBuilderImpl.java:1498)
	at org.springframework.orm.jpa.vendor.SpringHibernateJpaPersistenceProvider.createContainerEntityManagerFactory(SpringHibernateJpaPersistenceProvider.java:58)
	at org.springframework.orm.jpa.LocalContainerEntityManagerFactoryBean.createNativeEntityManagerFactory(LocalContainerEntityManagerFactoryBean.java:365)
	at org.springframework.orm.jpa.AbstractEntityManagerFactoryBean.buildNativeEntityManagerFactory(AbstractEntityManagerFactoryBean.java:409)
	at org.springframework.orm.jpa.AbstractEntityManagerFactoryBean.afterPropertiesSet(AbstractEntityManagerFactoryBean.java:396)
	at org.springframework.orm.jpa.LocalContainerEntityManagerFactoryBean.afterPropertiesSet(LocalContainerEntityManagerFactoryBean.java:341)
	at org.springframework.beans.factory.support.AbstractAutowireCapableBeanFactory.invokeInitMethods(AbstractAutowireCapableBeanFactory.java:1863)
	at org.springframework.beans.factory.support.AbstractAutowireCapableBeanFactory.initializeBean(AbstractAutowireCapableBeanFactory.java:1800)
	at org.springframework.beans.factory.support.AbstractAutowireCapableBeanFactory.doCreateBean(AbstractAutowireCapableBeanFactory.java:620)
	at org.springframework.beans.factory.support.AbstractAutowireCapableBeanFactory.createBean(AbstractAutowireCapableBeanFactory.java:542)
	at org.springframework.beans.factory.support.AbstractBeanFactory.lambda$doGetBean$0(AbstractBeanFactory.java:335)
	at org.springframework.beans.factory.support.DefaultSingletonBeanRegistry.getSingleton(DefaultSingletonBeanRegistry.java:234)
	at org.springframework.beans.factory.support.AbstractBeanFactory.doGetBean(AbstractBeanFactory.java:333)
	at org.springframework.beans.factory.support.AbstractBeanFactory.getBean(AbstractBeanFactory.java:208)
	at org.springframework.beans.factory.support.BeanDefinitionValueResolver.resolveReference(BeanDefinitionValueResolver.java:330)
	at org.springframework.beans.factory.support.BeanDefinitionValueResolver.resolveValueIfNecessary(BeanDefinitionValueResolver.java:113)
	at org.springframework.beans.factory.support.ConstructorResolver.resolveConstructorArguments(ConstructorResolver.java:688)
	at org.springframework.beans.factory.support.ConstructorResolver.instantiateUsingFactoryMethod(ConstructorResolver.java:505)
	at org.springframework.beans.factory.support.AbstractAutowireCapableBeanFactory.instantiateUsingFactoryMethod(AbstractAutowireCapableBeanFactory.java:1352)
	at org.springframework.beans.factory.support.AbstractAutowireCapableBeanFactory.createBeanInstance(AbstractAutowireCapableBeanFactory.java:1195)
	at org.springframework.beans.factory.support.AbstractAutowireCapableBeanFactory.doCreateBean(AbstractAutowireCapableBeanFactory.java:582)
	at org.springframework.beans.factory.support.AbstractAutowireCapableBeanFactory.createBean(AbstractAutowireCapableBeanFactory.java:542)
	at org.springframework.beans.factory.support.BeanDefinitionValueResolver.resolveInnerBean(BeanDefinitionValueResolver.java:374)
	at org.springframework.beans.factory.support.BeanDefinitionValueResolver.resolveValueIfNecessary(BeanDefinitionValueResolver.java:134)
	at org.springframework.beans.factory.support.AbstractAutowireCapableBeanFactory.applyPropertyValues(AbstractAutowireCapableBeanFactory.java:1707)
	at org.springframework.beans.factory.support.AbstractAutowireCapableBeanFactory.populateBean(AbstractAutowireCapableBeanFactory.java:1452)
	at org.springframework.beans.factory.support.AbstractAutowireCapableBeanFactory.doCreateBean(AbstractAutowireCapableBeanFactory.java:619)
	at org.springframework.beans.factory.support.AbstractAutowireCapableBeanFactory.createBean(AbstractAutowireCapableBeanFactory.java:542)
	at org.springframework.beans.factory.support.AbstractBeanFactory.lambda$doGetBean$0(AbstractBeanFactory.java:335)
	at org.springframework.beans.factory.support.DefaultSingletonBeanRegistry.getSingleton(DefaultSingletonBeanRegistry.java:234)
	at org.springframework.beans.factory.support.AbstractBeanFactory.doGetBean(AbstractBeanFactory.java:333)
	at org.springframework.beans.factory.support.AbstractBeanFactory.getBean(AbstractBeanFactory.java:208)
	at org.springframework.beans.factory.config.DependencyDescriptor.resolveCandidate(DependencyDescriptor.java:276)
	at org.springframework.beans.factory.support.DefaultListableBeanFactory.doResolveDependency(DefaultListableBeanFactory.java:1391)
	at org.springframework.beans.factory.support.DefaultListableBeanFactory.resolveDependency(DefaultListableBeanFactory.java:1311)
	at org.springframework.beans.factory.support.ConstructorResolver.resolveAutowiredArgument(ConstructorResolver.java:911)
	at org.springframework.beans.factory.support.ConstructorResolver.createArgumentArray(ConstructorResolver.java:788)
	at org.springframework.beans.factory.support.ConstructorResolver.autowireConstructor(ConstructorResolver.java:224)
	at org.springframework.beans.factory.support.AbstractAutowireCapableBeanFactory.autowireConstructor(AbstractAutowireCapableBeanFactory.java:1372)
	at org.springframework.beans.factory.support.AbstractAutowireCapableBeanFactory.createBeanInstance(AbstractAutowireCapableBeanFactory.java:1222)
	at org.springframework.beans.factory.support.AbstractAutowireCapableBeanFactory.doCreateBean(AbstractAutowireCapableBeanFactory.java:582)
	at org.springframework.beans.factory.support.AbstractAutowireCapableBeanFactory.createBean(AbstractAutowireCapableBeanFactory.java:542)
	at org.springframework.beans.factory.support.AbstractBeanFactory.lambda$doGetBean$0(AbstractBeanFactory.java:335)
	at org.springframework.beans.factory.support.DefaultSingletonBeanRegistry.getSingleton(DefaultSingletonBeanRegistry.java:234)
	at org.springframework.beans.factory.support.AbstractBeanFactory.doGetBean(AbstractBeanFactory.java:333)
	at org.springframework.beans.factory.support.AbstractBeanFactory.getBean(AbstractBeanFactory.java:208)
	at org.springframework.beans.factory.config.DependencyDescriptor.resolveCandidate(DependencyDescriptor.java:276)
	at org.springframework.beans.factory.support.DefaultListableBeanFactory.doResolveDependency(DefaultListableBeanFactory.java:1391)
	at org.springframework.beans.factory.support.DefaultListableBeanFactory.resolveDependency(DefaultListableBeanFactory.java:1311)
	at org.springframework.beans.factory.support.ConstructorResolver.resolveAutowiredArgument(ConstructorResolver.java:911)
	at org.springframework.beans.factory.support.ConstructorResolver.createArgumentArray(ConstructorResolver.java:788)
	at org.springframework.beans.factory.support.ConstructorResolver.autowireConstructor(ConstructorResolver.java:224)
	at org.springframework.beans.factory.support.AbstractAutowireCapableBeanFactory.autowireConstructor(AbstractAutowireCapableBeanFactory.java:1372)
	at org.springframework.beans.factory.support.AbstractAutowireCapableBeanFactory.createBeanInstance(AbstractAutowireCapableBeanFactory.java:1222)
	at org.springframework.beans.factory.support.AbstractAutowireCapableBeanFactory.doCreateBean(AbstractAutowireCapableBeanFactory.java:582)
	at org.springframework.beans.factory.support.AbstractAutowireCapableBeanFactory.createBean(AbstractAutowireCapableBeanFactory.java:542)
	at org.springframework.beans.factory.support.AbstractBeanFactory.lambda$doGetBean$0(AbstractBeanFactory.java:335)
	at org.springframework.beans.factory.support.DefaultSingletonBeanRegistry.getSingleton(DefaultSingletonBeanRegistry.java:234)
	at org.springframework.beans.factory.support.AbstractBeanFactory.doGetBean(AbstractBeanFactory.java:333)
	at org.springframework.beans.factory.support.AbstractBeanFactory.getBean(AbstractBeanFactory.java:208)
	at org.springframework.beans.factory.support.ConstructorResolver.instantiateUsingFactoryMethod(ConstructorResolver.java:405)
	at org.springframework.beans.factory.support.AbstractAutowireCapableBeanFactory.instantiateUsingFactoryMethod(AbstractAutowireCapableBeanFactory.java:1352)
	at org.springframework.beans.factory.support.AbstractAutowireCapableBeanFactory.createBeanInstance(AbstractAutowireCapableBeanFactory.java:1195)
	at org.springframework.beans.factory.support.AbstractAutowireCapableBeanFactory.doCreateBean(AbstractAutowireCapableBeanFactory.java:582)
	at org.springframework.beans.factory.support.AbstractAutowireCapableBeanFactory.createBean(AbstractAutowireCapableBeanFactory.java:542)
	at org.springframework.beans.factory.support.AbstractBeanFactory.lambda$doGetBean$0(AbstractBeanFactory.java:335)
	at org.springframework.beans.factory.support.DefaultSingletonBeanRegistry.getSingleton(DefaultSingletonBeanRegistry.java:234)
	at org.springframework.beans.factory.support.AbstractBeanFactory.doGetBean(AbstractBeanFactory.java:333)
	at org.springframework.beans.factory.support.AbstractBeanFactory.getBean(AbstractBeanFactory.java:208)
	at org.springframework.beans.factory.config.DependencyDescriptor.resolveCandidate(DependencyDescriptor.java:276)
	at org.springframework.beans.factory.support.DefaultListableBeanFactory.doResolveDependency(DefaultListableBeanFactory.java:1391)
	at org.springframework.beans.factory.support.DefaultListableBeanFactory.resolveDependency(DefaultListableBeanFactory.java:1311)
	at org.springframework.beans.factory.support.ConstructorResolver.resolveAutowiredArgument(ConstructorResolver.java:911)
	at org.springframework.beans.factory.support.ConstructorResolver.createArgumentArray(ConstructorResolver.java:788)
	at org.springframework.beans.factory.support.ConstructorResolver.autowireConstructor(ConstructorResolver.java:224)
	at org.springframework.beans.factory.support.AbstractAutowireCapableBeanFactory.autowireConstructor(AbstractAutowireCapableBeanFactory.java:1372)
	at org.springframework.beans.factory.support.AbstractAutowireCapableBeanFactory.createBeanInstance(AbstractAutowireCapableBeanFactory.java:1222)
	at org.springframework.beans.factory.support.AbstractAutowireCapableBeanFactory.doCreateBean(AbstractAutowireCapableBeanFactory.java:582)
	at org.springframework.beans.factory.support.AbstractAutowireCapableBeanFactory.createBean(AbstractAutowireCapableBeanFactory.java:542)
	at org.springframework.beans.factory.support.AbstractBeanFactory.lambda$doGetBean$0(AbstractBeanFactory.java:335)
	at org.springframework.beans.factory.support.DefaultSingletonBeanRegistry.getSingleton(DefaultSingletonBeanRegistry.java:234)
	at org.springframework.beans.factory.support.AbstractBeanFactory.doGetBean(AbstractBeanFactory.java:333)
	at org.springframework.beans.factory.support.AbstractBeanFactory.getBean(AbstractBeanFactory.java:213)
	at org.springframework.boot.web.servlet.ServletContextInitializerBeans.getOrderedBeansOfType(ServletContextInitializerBeans.java:213)
	at org.springframework.boot.web.servlet.ServletContextInitializerBeans.addAsRegistrationBean(ServletContextInitializerBeans.java:176)
	at org.springframework.boot.web.servlet.ServletContextInitializerBeans.addAsRegistrationBean(ServletContextInitializerBeans.java:171)
	at org.springframework.boot.web.servlet.ServletContextInitializerBeans.addAdaptableBeans(ServletContextInitializerBeans.java:156)
	at org.springframework.boot.web.servlet.ServletContextInitializerBeans.<init>(ServletContextInitializerBeans.java:87)
	at org.springframework.boot.web.servlet.context.ServletWebServerApplicationContext.getServletContextInitializerBeans(ServletWebServerApplicationContext.java:262)
	at org.springframework.boot.web.servlet.context.ServletWebServerApplicationContext.selfInitialize(ServletWebServerApplicationContext.java:236)
	at org.springframework.boot.web.embedded.tomcat.TomcatStarter.onStartup(TomcatStarter.java:53)
	at org.apache.catalina.core.StandardContext.startInternal(StandardContext.java:4904)
	at org.apache.catalina.util.LifecycleBase.start(LifecycleBase.java:171)
	at org.apache.catalina.core.ContainerBase$StartChild.call(ContainerBase.java:1332)
	at org.apache.catalina.core.ContainerBase$StartChild.call(ContainerBase.java:1322)
	at java.util.concurrent.FutureTask.run(FutureTask.java:266)
	at org.apache.tomcat.util.threads.InlineExecutorService.execute(InlineExecutorService.java:75)
	at java.util.concurrent.AbstractExecutorService.submit(AbstractExecutorService.java:134)
	at org.apache.catalina.core.ContainerBase.startInternal(ContainerBase.java:866)
	at org.apache.catalina.core.StandardHost.startInternal(StandardHost.java:794)
	at org.apache.catalina.util.LifecycleBase.start(LifecycleBase.java:171)
	at org.apache.catalina.core.ContainerBase$StartChild.call(ContainerBase.java:1332)
	at org.apache.catalina.core.ContainerBase$StartChild.call(ContainerBase.java:1322)
	at java.util.concurrent.FutureTask.run(FutureTask.java:266)
	at org.apache.tomcat.util.threads.InlineExecutorService.execute(InlineExecutorService.java:75)
	at java.util.concurrent.AbstractExecutorService.submit(AbstractExecutorService.java:134)
	at org.apache.catalina.core.ContainerBase.startInternal(ContainerBase.java:866)
	at org.apache.catalina.core.StandardEngine.startInternal(StandardEngine.java:248)
	at org.apache.catalina.util.LifecycleBase.start(LifecycleBase.java:171)
	at org.apache.catalina.core.StandardService.startInternal(StandardService.java:433)
	at org.apache.catalina.util.LifecycleBase.start(LifecycleBase.java:171)
	at org.apache.catalina.core.StandardServer.startInternal(StandardServer.java:921)
	at org.apache.catalina.util.LifecycleBase.start(LifecycleBase.java:171)
	at org.apache.catalina.startup.Tomcat.start(Tomcat.java:489)
	at org.springframework.boot.web.embedded.tomcat.TomcatWebServer.initialize(TomcatWebServer.java:123)
	at org.springframework.boot.web.embedded.tomcat.TomcatWebServer.<init>(TomcatWebServer.java:104)
	at org.springframework.boot.web.embedded.tomcat.TomcatServletWebServerFactory.getTomcatWebServer(TomcatServletWebServerFactory.java:481)
	at org.springframework.boot.web.embedded.tomcat.TomcatServletWebServerFactory.getWebServer(TomcatServletWebServerFactory.java:211)
	at org.springframework.boot.web.servlet.context.ServletWebServerApplicationContext.createWebServer(ServletWebServerApplicationContext.java:184)
	at org.springframework.boot.web.servlet.context.ServletWebServerApplicationContext.onRefresh(ServletWebServerApplicationContext.java:162)
	at org.springframework.context.support.AbstractApplicationContext.refresh(AbstractApplicationContext.java:585)
	at org.springframework.boot.web.servlet.context.ServletWebServerApplicationContext.refresh(ServletWebServerApplicationContext.java:147)
	at org.springframework.boot.SpringApplication.refresh(SpringApplication.java:732)
	at org.springframework.boot.SpringApplication.refreshContext(SpringApplication.java:409)
	at org.springframework.boot.SpringApplication.run(SpringApplication.java:308)
	at org.springframework.boot.SpringApplication.run(SpringApplication.java:1300)
	at org.springframework.boot.SpringApplication.run(SpringApplication.java:1289)
	at com.cookpad.CookpadApplication.main(CookpadApplication.java:38)
Caused by: java.sql.SQLSyntaxErrorException: Table 'cookpad.nutrition' doesn't exist
	at com.mysql.cj.jdbc.exceptions.SQLError.createSQLException(SQLError.java:121)
	at com.mysql.cj.jdbc.exceptions.SQLExceptionsMapping.translateException(SQLExceptionsMapping.java:122)
	at com.mysql.cj.jdbc.StatementImpl.executeInternal(StatementImpl.java:763)
	at com.mysql.cj.jdbc.StatementImpl.execute(StatementImpl.java:648)
	at com.zaxxer.hikari.pool.ProxyStatement.execute(ProxyStatement.java:94)
	at com.zaxxer.hikari.pool.HikariProxyStatement.execute(HikariProxyStatement.java)
	at org.hibernate.tool.schema.internal.exec.GenerationTargetToDatabase.accept(GenerationTargetToDatabase.java:54)
	... 139 common frames omitted
2025-04-26T23:08:07.854+05:30 INFO  [cookpad] [main] o.h.e.t.j.p.i.JtaPlatformInitiator:52 : HHH000490: Using JtaPlatform implementation: [org.hibernate.engine.transaction.jta.platform.internal.NoJtaPlatform]
2025-04-26T23:08:07.903+05:30 INFO  [cookpad] [main] o.s.o.j.LocalContainerEntityManagerFactoryBean:437 : Initialized JPA EntityManagerFactory for persistence unit 'default'
2025-04-26T23:08:08.888+05:30 DEBUG [cookpad] [main] o.s.s.a.p.PrePostAnnotationSecurityMetadataSource:112 : @org.springframework.security.access.prepost.PreAuthorize(value=hasAuthority('SCOPE_recipe:update')) found on specific method: public org.springframework.http.ResponseEntity com.cookpad.controllers.NutritionController.updateNutrition(java.lang.Long,com.cookpad.dto.NutritionDto)
2025-04-26T23:08:08.891+05:30 DEBUG [cookpad] [main] o.s.s.a.m.DelegatingMethodSecurityMetadataSource:76 : Caching method [CacheKey[com.cookpad.controllers.NutritionController; public org.springframework.http.ResponseEntity com.cookpad.controllers.NutritionController.updateNutrition(java.lang.Long,com.cookpad.dto.NutritionDto)]] with attributes [[authorize: 'hasAuthority('SCOPE_recipe:update')', filter: 'null', filterTarget: 'null']]
2025-04-26T23:08:08.921+05:30 DEBUG [cookpad] [main] o.s.s.a.p.PrePostAnnotationSecurityMetadataSource:112 : @org.springframework.security.access.prepost.PreAuthorize(value=hasAuthority('SCOPE_recipe:delete')) found on specific method: public org.springframework.http.ResponseEntity com.cookpad.controllers.NutritionController.deleteNutrition(java.lang.Long)
2025-04-26T23:08:08.922+05:30 DEBUG [cookpad] [main] o.s.s.a.m.DelegatingMethodSecurityMetadataSource:76 : Caching method [CacheKey[com.cookpad.controllers.NutritionController; public org.springframework.http.ResponseEntity com.cookpad.controllers.NutritionController.deleteNutrition(java.lang.Long)]] with attributes [[authorize: 'hasAuthority('SCOPE_recipe:delete')', filter: 'null', filterTarget: 'null']]
2025-04-26T23:08:08.922+05:30 DEBUG [cookpad] [main] o.s.s.a.p.PrePostAnnotationSecurityMetadataSource:112 : @org.springframework.security.access.prepost.PreAuthorize(value=hasAuthority('SCOPE_recipe:create')) found on specific method: public com.cookpad.dto.NutritionDto com.cookpad.controllers.NutritionController.createNutrition(java.lang.Long,com.cookpad.dto.NutritionDto)
2025-04-26T23:08:08.922+05:30 DEBUG [cookpad] [main] o.s.s.a.m.DelegatingMethodSecurityMetadataSource:76 : Caching method [CacheKey[com.cookpad.controllers.NutritionController; public com.cookpad.dto.NutritionDto com.cookpad.controllers.NutritionController.createNutrition(java.lang.Long,com.cookpad.dto.NutritionDto)]] with attributes [[authorize: 'hasAuthority('SCOPE_recipe:create')', filter: 'null', filterTarget: 'null']]
2025-04-26T23:08:09.460+05:30 DEBUG [cookpad] [main] o.s.s.a.p.PrePostAnnotationSecurityMetadataSource:112 : @org.springframework.security.access.prepost.PreAuthorize(value=hasAuthority('SCOPE_recipe:create')) found on specific method: public com.cookpad.dto.RecipeDto com.cookpad.controllers.RecipeController.createRecipe(com.cookpad.dto.RecipeDto)
2025-04-26T23:08:09.461+05:30 DEBUG [cookpad] [main] o.s.s.a.m.DelegatingMethodSecurityMetadataSource:76 : Caching method [CacheKey[com.cookpad.controllers.RecipeController; public com.cookpad.dto.RecipeDto com.cookpad.controllers.RecipeController.createRecipe(com.cookpad.dto.RecipeDto)]] with attributes [[authorize: 'hasAuthority('SCOPE_recipe:create')', filter: 'null', filterTarget: 'null']]
2025-04-26T23:08:09.463+05:30 DEBUG [cookpad] [main] o.s.s.a.p.PrePostAnnotationSecurityMetadataSource:112 : @org.springframework.security.access.prepost.PreAuthorize(value=hasAuthority('SCOPE_recipe:read')) found on specific method: public com.cookpad.responses.RecipeResponse com.cookpad.controllers.RecipeController.searchRecipes(java.lang.String,java.lang.Long,java.lang.String,java.lang.String,java.lang.Integer,java.lang.Integer,java.lang.Integer,int,int,java.lang.String,java.lang.String)
2025-04-26T23:08:09.464+05:30 DEBUG [cookpad] [main] o.s.s.a.m.DelegatingMethodSecurityMetadataSource:76 : Caching method [CacheKey[com.cookpad.controllers.RecipeController; public com.cookpad.responses.RecipeResponse com.cookpad.controllers.RecipeController.searchRecipes(java.lang.String,java.lang.Long,java.lang.String,java.lang.String,java.lang.Integer,java.lang.Integer,java.lang.Integer,int,int,java.lang.String,java.lang.String)]] with attributes [[authorize: 'hasAuthority('SCOPE_recipe:read')', filter: 'null', filterTarget: 'null']]
2025-04-26T23:08:09.465+05:30 DEBUG [cookpad] [main] o.s.s.a.p.PrePostAnnotationSecurityMetadataSource:112 : @org.springframework.security.access.prepost.PreAuthorize(value=hasAuthority('SCOPE_recipe:delete')) found on specific method: public org.springframework.http.ResponseEntity com.cookpad.controllers.RecipeController.deleteRecipe(java.lang.Long)
2025-04-26T23:08:09.466+05:30 DEBUG [cookpad] [main] o.s.s.a.m.DelegatingMethodSecurityMetadataSource:76 : Caching method [CacheKey[com.cookpad.controllers.RecipeController; public org.springframework.http.ResponseEntity com.cookpad.controllers.RecipeController.deleteRecipe(java.lang.Long)]] with attributes [[authorize: 'hasAuthority('SCOPE_recipe:delete')', filter: 'null', filterTarget: 'null']]
2025-04-26T23:08:09.466+05:30 DEBUG [cookpad] [main] o.s.s.a.p.PrePostAnnotationSecurityMetadataSource:112 : @org.springframework.security.access.prepost.PreAuthorize(value=hasAuthority('SCOPE_recipe:update')) found on specific method: public org.springframework.http.ResponseEntity com.cookpad.controllers.RecipeController.updateRecipe(java.lang.Long,com.cookpad.dto.RecipeDto)
2025-04-26T23:08:09.467+05:30 DEBUG [cookpad] [main] o.s.s.a.m.DelegatingMethodSecurityMetadataSource:76 : Caching method [CacheKey[com.cookpad.controllers.RecipeController; public org.springframework.http.ResponseEntity com.cookpad.controllers.RecipeController.updateRecipe(java.lang.Long,com.cookpad.dto.RecipeDto)]] with attributes [[authorize: 'hasAuthority('SCOPE_recipe:update')', filter: 'null', filterTarget: 'null']]
2025-04-26T23:08:09.468+05:30 DEBUG [cookpad] [main] o.s.s.a.p.PrePostAnnotationSecurityMetadataSource:112 : @org.springframework.security.access.prepost.PreAuthorize(value=hasAuthority('SCOPE_recipe:read')) found on specific method: public org.springframework.http.ResponseEntity com.cookpad.controllers.RecipeController.getRecipeByIdContentNegotiation(java.lang.Long)
2025-04-26T23:08:09.469+05:30 DEBUG [cookpad] [main] o.s.s.a.m.DelegatingMethodSecurityMetadataSource:76 : Caching method [CacheKey[com.cookpad.controllers.RecipeController; public org.springframework.http.ResponseEntity com.cookpad.controllers.RecipeController.getRecipeByIdContentNegotiation(java.lang.Long)]] with attributes [[authorize: 'hasAuthority('SCOPE_recipe:read')', filter: 'null', filterTarget: 'null']]
2025-04-26T23:08:09.469+05:30 DEBUG [cookpad] [main] o.s.s.a.p.PrePostAnnotationSecurityMetadataSource:112 : @org.springframework.security.access.prepost.PreAuthorize(value=hasAuthority('SCOPE_recipe:read')) found on specific method: public org.springframework.http.ResponseEntity com.cookpad.controllers.RecipeController.getRecipeByIdHeader(java.lang.Long)
2025-04-26T23:08:09.470+05:30 DEBUG [cookpad] [main] o.s.s.a.m.DelegatingMethodSecurityMetadataSource:76 : Caching method [CacheKey[com.cookpad.controllers.RecipeController; public org.springframework.http.ResponseEntity com.cookpad.controllers.RecipeController.getRecipeByIdHeader(java.lang.Long)]] with attributes [[authorize: 'hasAuthority('SCOPE_recipe:read')', filter: 'null', filterTarget: 'null']]
2025-04-26T23:08:09.471+05:30 DEBUG [cookpad] [main] o.s.s.a.p.PrePostAnnotationSecurityMetadataSource:112 : @org.springframework.security.access.prepost.PreAuthorize(value=hasAuthority('SCOPE_recipe:read')) found on specific method: public org.springframework.http.ResponseEntity com.cookpad.controllers.RecipeController.getRecipeByIdParam(java.lang.Long)
2025-04-26T23:08:09.471+05:30 DEBUG [cookpad] [main] o.s.s.a.m.DelegatingMethodSecurityMetadataSource:76 : Caching method [CacheKey[com.cookpad.controllers.RecipeController; public org.springframework.http.ResponseEntity com.cookpad.controllers.RecipeController.getRecipeByIdParam(java.lang.Long)]] with attributes [[authorize: 'hasAuthority('SCOPE_recipe:read')', filter: 'null', filterTarget: 'null']]
2025-04-26T23:08:09.472+05:30 DEBUG [cookpad] [main] o.s.s.a.p.PrePostAnnotationSecurityMetadataSource:112 : @org.springframework.security.access.prepost.PreAuthorize(value=hasAuthority('SCOPE_recipe:read')) found on specific method: public java.util.List com.cookpad.controllers.RecipeController.getAllRecipesPreview()
2025-04-26T23:08:09.472+05:30 DEBUG [cookpad] [main] o.s.s.a.m.DelegatingMethodSecurityMetadataSource:76 : Caching method [CacheKey[com.cookpad.controllers.RecipeController; public java.util.List com.cookpad.controllers.RecipeController.getAllRecipesPreview()]] with attributes [[authorize: 'hasAuthority('SCOPE_recipe:read')', filter: 'null', filterTarget: 'null']]
2025-04-26T23:08:09.483+05:30 DEBUG [cookpad] [main] o.s.s.a.p.PrePostAnnotationSecurityMetadataSource:112 : @org.springframework.security.access.prepost.PreAuthorize(value=hasAuthority('SCOPE_user:delete')) found on specific method: public org.springframework.http.ResponseEntity com.cookpad.controllers.UserController.deleteUser(java.lang.Long)
2025-04-26T23:08:09.484+05:30 DEBUG [cookpad] [main] o.s.s.a.m.DelegatingMethodSecurityMetadataSource:76 : Caching method [CacheKey[com.cookpad.controllers.UserController; public org.springframework.http.ResponseEntity com.cookpad.controllers.UserController.deleteUser(java.lang.Long)]] with attributes [[authorize: 'hasAuthority('SCOPE_user:delete')', filter: 'null', filterTarget: 'null']]
2025-04-26T23:08:09.486+05:30 DEBUG [cookpad] [main] o.s.s.a.p.PrePostAnnotationSecurityMetadataSource:112 : @org.springframework.security.access.prepost.PreAuthorize(value=hasAuthority('SCOPE_user:read')) found on specific method: public org.springframework.http.ResponseEntity com.cookpad.controllers.UserController.getUserById(java.lang.Long)
2025-04-26T23:08:09.487+05:30 DEBUG [cookpad] [main] o.s.s.a.m.DelegatingMethodSecurityMetadataSource:76 : Caching method [CacheKey[com.cookpad.controllers.UserController; public org.springframework.http.ResponseEntity com.cookpad.controllers.UserController.getUserById(java.lang.Long)]] with attributes [[authorize: 'hasAuthority('SCOPE_user:read')', filter: 'null', filterTarget: 'null']]
2025-04-26T23:08:09.487+05:30 DEBUG [cookpad] [main] o.s.s.a.p.PrePostAnnotationSecurityMetadataSource:112 : @org.springframework.security.access.prepost.PreAuthorize(value=hasAuthority('SCOPE_user:create')) found on specific method: public com.cookpad.dto.UserDto com.cookpad.controllers.UserController.createUser(com.cookpad.dto.UserDto)
2025-04-26T23:08:09.488+05:30 DEBUG [cookpad] [main] o.s.s.a.m.DelegatingMethodSecurityMetadataSource:76 : Caching method [CacheKey[com.cookpad.controllers.UserController; public com.cookpad.dto.UserDto com.cookpad.controllers.UserController.createUser(com.cookpad.dto.UserDto)]] with attributes [[authorize: 'hasAuthority('SCOPE_user:create')', filter: 'null', filterTarget: 'null']]
2025-04-26T23:08:09.488+05:30 DEBUG [cookpad] [main] o.s.s.a.p.PrePostAnnotationSecurityMetadataSource:112 : @org.springframework.security.access.prepost.PreAuthorize(value=hasAuthority('SCOPE_user:update')) found on specific method: public org.springframework.http.ResponseEntity com.cookpad.controllers.UserController.updateUser(java.lang.Long,com.cookpad.dto.UserDto)
2025-04-26T23:08:09.489+05:30 DEBUG [cookpad] [main] o.s.s.a.m.DelegatingMethodSecurityMetadataSource:76 : Caching method [CacheKey[com.cookpad.controllers.UserController; public org.springframework.http.ResponseEntity com.cookpad.controllers.UserController.updateUser(java.lang.Long,com.cookpad.dto.UserDto)]] with attributes [[authorize: 'hasAuthority('SCOPE_user:update')', filter: 'null', filterTarget: 'null']]
2025-04-26T23:08:10.028+05:30 WARN  [cookpad] [main] o.s.b.a.o.j.JpaBaseConfiguration$JpaWebConfiguration:223 : spring.jpa.open-in-view is enabled by default. Therefore, database queries may be performed during view rendering. Explicitly configure spring.jpa.open-in-view to disable this warning
2025-04-26T23:08:10.383+05:30 DEBUG [cookpad] [main] o.s.s.w.a.e.ExpressionBasedFilterInvocationSecurityMetadataSource:72 : Adding web access control expression [permitAll] for Ant [pattern='/v2/api-docs/**']
2025-04-26T23:08:10.385+05:30 DEBUG [cookpad] [main] o.s.s.w.a.e.ExpressionBasedFilterInvocationSecurityMetadataSource:72 : Adding web access control expression [permitAll] for Ant [pattern='/v3/api-docs/**']
2025-04-26T23:08:10.385+05:30 DEBUG [cookpad] [main] o.s.s.w.a.e.ExpressionBasedFilterInvocationSecurityMetadataSource:72 : Adding web access control expression [permitAll] for Ant [pattern='/swagger-resources/**']
2025-04-26T23:08:10.386+05:30 DEBUG [cookpad] [main] o.s.s.w.a.e.ExpressionBasedFilterInvocationSecurityMetadataSource:72 : Adding web access control expression [permitAll] for Ant [pattern='/swagger-ui/**']
2025-04-26T23:08:10.386+05:30 DEBUG [cookpad] [main] o.s.s.w.a.e.ExpressionBasedFilterInvocationSecurityMetadataSource:72 : Adding web access control expression [permitAll] for Ant [pattern='/webjars/**']
2025-04-26T23:08:10.387+05:30 DEBUG [cookpad] [main] o.s.s.w.a.e.ExpressionBasedFilterInvocationSecurityMetadataSource:72 : Adding web access control expression [permitAll] for Ant [pattern='/']
2025-04-26T23:08:10.387+05:30 DEBUG [cookpad] [main] o.s.s.w.a.e.ExpressionBasedFilterInvocationSecurityMetadataSource:72 : Adding web access control expression [permitAll] for Ant [pattern='index']
2025-04-26T23:08:10.388+05:30 DEBUG [cookpad] [main] o.s.s.w.a.e.ExpressionBasedFilterInvocationSecurityMetadataSource:72 : Adding web access control expression [permitAll] for Ant [pattern='/css/*']
2025-04-26T23:08:10.388+05:30 DEBUG [cookpad] [main] o.s.s.w.a.e.ExpressionBasedFilterInvocationSecurityMetadataSource:72 : Adding web access control expression [permitAll] for Ant [pattern='/js/*']
2025-04-26T23:08:10.388+05:30 DEBUG [cookpad] [main] o.s.s.w.a.e.ExpressionBasedFilterInvocationSecurityMetadataSource:72 : Adding web access control expression [permitAll] for Ant [pattern='/api/v1/auth/**']
2025-04-26T23:08:10.388+05:30 DEBUG [cookpad] [main] o.s.s.w.a.e.ExpressionBasedFilterInvocationSecurityMetadataSource:72 : Adding web access control expression [denyAll] for Ant [pattern='/api/v1/admin/**']
2025-04-26T23:08:10.389+05:30 DEBUG [cookpad] [main] o.s.s.w.a.e.ExpressionBasedFilterInvocationSecurityMetadataSource:72 : Adding web access control expression [authenticated] for any request
2025-04-26T23:08:10.396+05:30 INFO  [cookpad] [main] o.s.s.web.DefaultSecurityFilterChain:55 : Will secure any request with [org.springframework.security.web.session.DisableEncodeUrlFilter@2066e897, org.springframework.security.web.context.request.async.WebAsyncManagerIntegrationFilter@1123d461, org.springframework.security.web.context.SecurityContextPersistenceFilter@6fc7e828, org.springframework.security.web.header.HeaderWriterFilter@26f480c6, org.springframework.web.filter.CorsFilter@64540344, org.springframework.security.web.authentication.logout.LogoutFilter@688d2a5d, com.cookpad.security.filters.JWTUsernamePasswordAuthFilter@195498aa, com.cookpad.security.filters.JWTVerificationFilter@4b360972, org.springframework.security.web.savedrequest.RequestCacheAwareFilter@2ce24a1a, org.springframework.security.web.servletapi.SecurityContextHolderAwareRequestFilter@76eadc5a, org.springframework.security.web.authentication.AnonymousAuthenticationFilter@b2d8dcd, org.springframework.security.web.session.SessionManagementFilter@76cf91c9, org.springframework.security.web.access.ExceptionTranslationFilter@56a09a5c, org.springframework.security.web.access.intercept.FilterSecurityInterceptor@3a116ca6]
2025-04-26T23:08:11.030+05:30 INFO  [cookpad] [main] o.apache.coyote.http11.Http11NioProtocol:173 : Starting ProtocolHandler ["http-nio-8080"]
2025-04-26T23:08:11.066+05:30 INFO  [cookpad] [main] o.s.b.w.embedded.tomcat.TomcatWebServer:220 : Tomcat started on port(s): 8080 (http) with context path ''
2025-04-26T23:08:11.085+05:30 INFO  [cookpad] [main] com.cookpad.CookpadApplication:61 : Started CookpadApplication in 13.849 seconds (JVM running for 15.025)
2025-04-26T23:08:20.159+05:30 INFO  [cookpad] [http-nio-8080-exec-1] o.a.c.c.C.[Tomcat].[localhost].[/]:173 : Initializing Spring DispatcherServlet 'dispatcherServlet'
2025-04-26T23:08:20.160+05:30 INFO  [cookpad] [http-nio-8080-exec-1] o.s.web.servlet.DispatcherServlet:525 : Initializing Servlet 'dispatcherServlet'
2025-04-26T23:08:20.163+05:30 INFO  [cookpad] [http-nio-8080-exec-1] o.s.web.servlet.DispatcherServlet:547 : Completed initialization in 3 ms
2025-04-26T23:08:20.192+05:30 DEBUG [cookpad] [http-nio-8080-exec-1] o.s.security.web.FilterChainProxy:218 : Securing POST /api/v1/auth/login
2025-04-26T23:08:20.202+05:30 DEBUG [cookpad] [http-nio-8080-exec-1] o.s.s.w.c.SecurityContextPersistenceFilter:104 : Set SecurityContextHolder to empty SecurityContext
2025-04-26T23:08:20.235+05:30 INFO  [cookpad] [http-nio-8080-exec-1] c.c.s.f.JWTUsernamePasswordAuthFilter:51 : Request URL: http://localhost:8080/api/v1/auth/login
2025-04-26T23:08:20.346+05:30 INFO  [cookpad] [http-nio-8080-exec-1] c.c.s.f.JWTUsernamePasswordAuthFilter:55 : Username is: john@gmail.com
2025-04-26T23:08:20.347+05:30 INFO  [cookpad] [http-nio-8080-exec-1] c.c.s.f.JWTUsernamePasswordAuthFilter:56 : Password is: john123
2025-04-26T23:08:20.804+05:30 INFO  [cookpad] [http-nio-8080-exec-1] c.c.security.CustomUserDetailsService:32 : User: User(userId=1, username=john_doe, email=john@gmail.com, password=$2a$10$WFFONiCEmXBHRW2UH8jmxeUJZN23X0LlPgcG64PQLPNcrGO2k2dZq, gender=MALE, userRole=USER, createdAt=2025-04-26T23:08:11.464)
2025-04-26T23:08:20.938+05:30 DEBUG [cookpad] [http-nio-8080-exec-1] o.s.s.a.dao.DaoAuthenticationProvider:199 : Authenticated user
2025-04-26T23:08:20.938+05:30 INFO  [cookpad] [http-nio-8080-exec-1] c.c.s.f.JWTUsernamePasswordAuthFilter:70 : Auth result: UsernamePasswordAuthenticationToken [Principal=org.springframework.security.core.userdetails.User [Username=john_doe, Password=[PROTECTED], Enabled=true, AccountNonExpired=true, credentialsNonExpired=true, AccountNonLocked=true, Granted Authorities=[SCOPE_recipe:read, SCOPE_user:create, SCOPE_user:delete, SCOPE_user:read, SCOPE_user:update]], Credentials=[PROTECTED], Authenticated=true, Details=null, Granted Authorities=[SCOPE_recipe:read, SCOPE_user:create, SCOPE_user:delete, SCOPE_user:read, SCOPE_user:update]]
2025-04-26T23:08:20.938+05:30 INFO  [cookpad] [http-nio-8080-exec-1] com.cookpad.security.JWTTokenProvider:35 : Authentication: UsernamePasswordAuthenticationToken [Principal=org.springframework.security.core.userdetails.User [Username=john_doe, Password=[PROTECTED], Enabled=true, AccountNonExpired=true, credentialsNonExpired=true, AccountNonLocked=true, Granted Authorities=[SCOPE_recipe:read, SCOPE_user:create, SCOPE_user:delete, SCOPE_user:read, SCOPE_user:update]], Credentials=[PROTECTED], Authenticated=true, Details=null, Granted Authorities=[SCOPE_recipe:read, SCOPE_user:create, SCOPE_user:delete, SCOPE_user:read, SCOPE_user:update]]
2025-04-26T23:08:20.969+05:30 INFO  [cookpad] [http-nio-8080-exec-1] com.cookpad.security.JWTTokenProvider:54 : JWT token is: eyJhbGciOiJIUzI1NiIsInR5cCI6IkpXVCJ9.eyJzdWIiOiJqb2huX2RvZSIsImF1dGhvcml0aWVzIjpbIlNDT1BFX3JlY2lwZTpyZWFkIiwiU0NPUEVfdXNlcjpjcmVhdGUiLCJTQ09QRV91c2VyOmRlbGV0ZSIsIlNDT1BFX3VzZXI6cmVhZCIsIlNDT1BFX3VzZXI6dXBkYXRlIl0sImlhdCI6MTc0NTY4OTEwMCwiZXhwIjoxNzQ1NjkwMzAwfQ.lFgLWtLdokcnXKhC5pgW-w6pgKN2peVZ4D1s78aIUdc
2025-04-26T23:08:20.972+05:30 INFO  [cookpad] [http-nio-8080-exec-1] c.c.s.f.JWTUsernamePasswordAuthFilter:78 : Cookie[name=access-token, value=eyJhbGciOiJIUzI1NiIsInR5cCI6IkpXVCJ9.eyJzdWIiOiJqb2huX2RvZSIsImF1dGhvcml0aWVzIjpbIlNDT1BFX3JlY2lwZTpyZWFkIiwiU0NPUEVfdXNlcjpjcmVhdGUiLCJTQ09QRV91c2VyOmRlbGV0ZSIsIlNDT1BFX3VzZXI6cmVhZCIsIlNDT1BFX3VzZXI6dXBkYXRlIl0sImlhdCI6MTc0NTY4OTEwMCwiZXhwIjoxNzQ1NjkwMzAwfQ.lFgLWtLdokcnXKhC5pgW-w6pgKN2peVZ4D1s78aIUdc]
2025-04-26T23:08:20.996+05:30 DEBUG [cookpad] [http-nio-8080-exec-1] o.s.s.w.c.SecurityContextPersistenceFilter:120 : Cleared SecurityContextHolder to complete request
2025-04-26T23:09:34.886+05:30 INFO  [cookpad] [SpringApplicationShutdownHook] o.s.o.j.LocalContainerEntityManagerFactoryBean:651 : Closing JPA EntityManagerFactory for persistence unit 'default'
2025-04-26T23:09:34.888+05:30 INFO  [cookpad] [SpringApplicationShutdownHook] o.h.t.s.i.SchemaDropperImpl$DelayedDropActionImpl:538 : HHH000477: Starting delayed evictData of schema as part of SessionFactory shut-down'
2025-04-26T23:09:35.061+05:30 INFO  [cookpad] [SpringApplicationShutdownHook] com.zaxxer.hikari.HikariDataSource:350 : HikariPool-1 - Shutdown initiated...
2025-04-26T23:09:35.081+05:30 INFO  [cookpad] [SpringApplicationShutdownHook] com.zaxxer.hikari.HikariDataSource:352 : HikariPool-1 - Shutdown completed.
